This is pdfTeX, Version 3.141592653-2.6-1.40.24 (MiKTeX 21.12) (preloaded format=pdflatex 2022.2.4)  4 FEB 2022 14:51
entering extended mode
 restricted \write18 enabled.
 %&-line parsing enabled.
**./Arthur_Ramolet_CV.tex
(Arthur_Ramolet_CV.tex
LaTeX2e <2021-11-15> patch level 1
L3 programming layer <2021-11-22> (C:\MiKTeX\tex/latex/moderncv\moderncv.cls
Document Class: moderncv 2021-12-16 v2.3.0 modern curriculum vitae and letter d
ocument class
(C:\MiKTeX\tex/latex/base\size11.clo
File: size11.clo 2021/10/04 v1.4n Standard LaTeX file (size option)
)
(C:\MiKTeX\tex/latex/etoolbox\etoolbox.sty
Package: etoolbox 2020/10/05 v2.5k e-TeX tools for LaTeX (JAW)
\etb@tempcnta=\count183
)
(C:\MiKTeX\tex/latex/base\ifthen.sty
Package: ifthen 2020/11/24 v1.1c Standard LaTeX ifthen package (DPC)
) (C:\MiKTeX\tex/latex/xcolor\xcolor.sty
Package: xcolor 2021/10/31 v2.13 LaTeX color extensions (UK)

(C:\MiKTeX\tex/latex/graphics-cfg\color.cfg
File: color.cfg 2016/01/02 v1.6 sample color configuration
)
Package xcolor Info: Driver file: pdftex.def on input line 227.

(C:\MiKTeX\tex/latex/graphics-def\pdftex.def
File: pdftex.def 2020/10/05 v1.2a Graphics/color driver for pdftex
)
(C:\MiKTeX\tex/latex/colortbl\colortbl.sty
Package: colortbl 2020/01/04 v1.0e Color table columns (DPC)
 (C:\MiKTeX\tex/latex/tools\array.sty
Package: array 2021/10/04 v2.5f Tabular extension package (FMi)
\col@sep=\dimen138
\ar@mcellbox=\box50
\extrarowheight=\dimen139
\NC@list=\toks16
\extratabsurround=\skip47
\backup@length=\skip48
\ar@cellbox=\box51
)
\everycr=\toks17
\minrowclearance=\skip49
)
\rownum=\count184
Package xcolor Info: Model `cmy' substituted by `cmy0' on input line 1352.
Package xcolor Info: Model `hsb' substituted by `rgb' on input line 1356.
Package xcolor Info: Model `RGB' extended on input line 1368.
Package xcolor Info: Model `HTML' substituted by `rgb' on input line 1370.
Package xcolor Info: Model `Hsb' substituted by `hsb' on input line 1371.
Package xcolor Info: Model `tHsb' substituted by `hsb' on input line 1372.
Package xcolor Info: Model `HSB' substituted by `hsb' on input line 1373.
Package xcolor Info: Model `Gray' substituted by `gray' on input line 1374.
Package xcolor Info: Model `wave' substituted by `hsb' on input line 1375.
) (C:\MiKTeX\tex/generic/iftex\iftex.sty
Package: iftex 2020/03/06 v1.0d TeX engine tests
) (C:\MiKTeX\tex/latex/url\url.sty
\Urlmuskip=\muskip16
Package: url 2013/09/16  ver 3.4  Verb mode for urls, etc.
)
(C:\MiKTeX\tex/latex/graphics\graphicx.sty
Package: graphicx 2021/09/16 v1.2d Enhanced LaTeX Graphics (DPC,SPQR)

(C:\MiKTeX\tex/latex/graphics\keyval.sty
Package: keyval 2014/10/28 v1.15 key=value parser (DPC)
\KV@toks@=\toks18
)
(C:\MiKTeX\tex/latex/graphics\graphics.sty
Package: graphics 2021/03/04 v1.4d Standard LaTeX Graphics (DPC,SPQR)

(C:\MiKTeX\tex/latex/graphics\trig.sty
Package: trig 2021/08/11 v1.11 sin cos tan (DPC)
)
(C:\MiKTeX\tex/latex/graphics-cfg\graphics.cfg
File: graphics.cfg 2016/06/04 v1.11 sample graphics configuration
)
Package graphics Info: Driver file: pdftex.def on input line 107.
)
\Gin@req@height=\dimen140
\Gin@req@width=\dimen141
)
(C:\MiKTeX\tex/latex/fancyhdr\fancyhdr.sty
Package: fancyhdr 2021/01/28 v4.0.1 Extensive control of page headers and foote
rs
\f@nch@headwidth=\skip50
\f@nch@O@elh=\skip51
\f@nch@O@erh=\skip52
\f@nch@O@olh=\skip53
\f@nch@O@orh=\skip54
\f@nch@O@elf=\skip55
\f@nch@O@erf=\skip56
\f@nch@O@olf=\skip57
\f@nch@O@orf=\skip58
)
(C:\MiKTeX\tex/latex/moderncv\tweaklist.sty)
(C:\MiKTeX\tex/latex/tools\calc.sty
Package: calc 2017/05/25 v4.3 Infix arithmetic (KKT,FJ)
\calc@Acount=\count185
\calc@Bcount=\count186
\calc@Adimen=\dimen142
\calc@Bdimen=\dimen143
\calc@Askip=\skip59
\calc@Bskip=\skip60
LaTeX Info: Redefining \setlength on input line 80.
LaTeX Info: Redefining \addtolength on input line 81.
\calc@Ccount=\count187
\calc@Cskip=\skip61
)
(C:\MiKTeX\tex/latex/l3packages/xparse\xparse.sty
(C:\MiKTeX\tex/latex/l3kernel\expl3.sty
Package: expl3 2021-11-22 L3 programming layer (loader) 

(C:\MiKTeX\tex/latex/l3backend\l3backend-pdftex.def
File: l3backend-pdftex.def 2021-10-18 L3 backend support: PDF output (pdfTeX)
\l__color_backend_stack_int=\count188
\l__pdf_internal_box=\box52
))
Package: xparse 2021-11-12 L3 Experimental document command parser
)
(C:\MiKTeX\tex/latex/microtype\microtype.sty
Package: microtype 2021/12/10 v3.0b Micro-typographical refinements (RS)
\MT@toks=\toks19
\MT@count=\count189
\MT@tempbox=\box53
LaTeX Info: Redefining \leftprotrusion on input line 1010.
LaTeX Info: Redefining \rightprotrusion on input line 1018.
LaTeX Info: Redefining \textls on input line 1173.
\MT@outer@kern=\dimen144
LaTeX Info: Redefining \textmicrotypecontext on input line 1759.
\MT@listname@count=\count190

(C:\MiKTeX\tex/latex/microtype\microtype-pdftex.def
File: microtype-pdftex.def 2021/12/10 v3.0b Definitions specific to pdftex (RS)

LaTeX Info: Redefining \lsstyle on input line 897.
LaTeX Info: Redefining \lslig on input line 897.
\MT@outer@space=\skip62
)
Package microtype Info: Loading configuration file microtype.cfg.

(C:\MiKTeX\tex/latex/microtype\microtype.cfg
File: microtype.cfg 2021/12/10 v3.0b microtype main configuration file (RS)
))
(C:\MiKTeX\tex/latex/moderncv\moderncvcollection.sty
Package: moderncvcollection 2021-12-16 v2.3.0 moderncv collections
\c@collection@iterator=\count191
)
(C:\MiKTeX\tex/latex/moderncv\moderncvcompatibility.sty
Package: moderncvcompatibility 2021-12-16 v2.3.0 modern curriculum vitae and le
tter compatibility patches
)
\c@collection@phones@count=\count192
\c@collection@socials@count=\count193
\c@cvcolumnscounter=\count194
\c@cvcolumnsautowidthcounter=\count195
\c@tmpiteratorcounter=\count196
\cvcolumnsdummywidth=\skip63
\cvcolumnswidth=\skip64
\cvcolumnsautowidth=\skip65
\cvcolumnautowidth=\skip66
\bibindent=\skip67
)
(C:\MiKTeX\tex/latex/moderncv\moderncvcolorpurple.sty
Package: moderncvcolorpurple 2021-12-16 v2.3.0 modern curriculum vitae and lett
er color scheme: purple
)
(C:\MiKTeX\tex/latex/moderncv\moderncvstyleclassic.sty
Package: moderncvstyleclassic 2021-12-16 v2.3.0 modern curriculum vitae and let
ter style scheme: classic

(C:\MiKTeX\tex/latex/moderncv\moderncviconssymbols.sty
Package: moderncviconssymbols 2021-12-12 v2.2.0 modern curriculum vitae icons s
elector


Class moderncv Warning: "academicons requires xetex/luatex to work. Using alter
natives.".

(C:\MiKTeX\tex/latex/moderncv\moderncviconsawesome.sty
Package: moderncviconsawesome 2021-12-16 v2.3.0 modern curriculum vitae icons: 
awesome

(C:\MiKTeX\tex/latex/fontawesome5\fontawesome5.sty
Package: fontawesome5 2020/03/24 v5.13.0 Font Awesome 5

(C:\MiKTeX\tex/latex/l3packages/l3keys2e\l3keys2e.sty
Package: l3keys2e 2021-11-12 LaTeX2e option processing using LaTeX3 keys
)
(C:\MiKTeX\tex/latex/fontawesome5\fontawesome5-generic-helper.sty
Package: fontawesome5-generic-helper 2020/03/24 v5.13.0 non-uTeX helper for fon
tawesome5

(C:\MiKTeX\tex/latex/fontawesome5\fontawesome5-mapping.def))))
(C:\MiKTeX\tex/latex/moderncv\moderncviconstikz.sty
Package: moderncviconstikz 2021-12-16 v2.3.0 modern curriculum vitae and letter
 icons: tickz

(C:\MiKTeX\tex/latex/pgf/frontendlayer\tikz.sty
(C:\MiKTeX\tex/latex/pgf/basiclayer\pgf.sty
(C:\MiKTeX\tex/latex/pgf/utilities\pgfrcs.sty
(C:\MiKTeX\tex/generic/pgf/utilities\pgfutil-common.tex
\pgfutil@everybye=\toks20
\pgfutil@tempdima=\dimen145
\pgfutil@tempdimb=\dimen146

(C:\MiKTeX\tex/generic/pgf/utilities\pgfutil-common-lists.tex))
(C:\MiKTeX\tex/generic/pgf/utilities\pgfutil-latex.def
\pgfutil@abb=\box54
)
(C:\MiKTeX\tex/generic/pgf/utilities\pgfrcs.code.tex
(C:\MiKTeX\tex/generic/pgf\pgf.revision.tex)
Package: pgfrcs 2021/05/15 v3.1.9a (3.1.9a)
))
Package: pgf 2021/05/15 v3.1.9a (3.1.9a)

(C:\MiKTeX\tex/latex/pgf/basiclayer\pgfcore.sty
(C:\MiKTeX\tex/latex/pgf/systemlayer\pgfsys.sty
(C:\MiKTeX\tex/generic/pgf/systemlayer\pgfsys.code.tex
Package: pgfsys 2021/05/15 v3.1.9a (3.1.9a)

(C:\MiKTeX\tex/generic/pgf/utilities\pgfkeys.code.tex
\pgfkeys@pathtoks=\toks21
\pgfkeys@temptoks=\toks22

(C:\MiKTeX\tex/generic/pgf/utilities\pgfkeysfiltered.code.tex
\pgfkeys@tmptoks=\toks23
))
\pgf@x=\dimen147
\pgf@y=\dimen148
\pgf@xa=\dimen149
\pgf@ya=\dimen150
\pgf@xb=\dimen151
\pgf@yb=\dimen152
\pgf@xc=\dimen153
\pgf@yc=\dimen154
\pgf@xd=\dimen155
\pgf@yd=\dimen156
\w@pgf@writea=\write3
\r@pgf@reada=\read2
\c@pgf@counta=\count197
\c@pgf@countb=\count198
\c@pgf@countc=\count199
\c@pgf@countd=\count266
\t@pgf@toka=\toks24
\t@pgf@tokb=\toks25
\t@pgf@tokc=\toks26
\pgf@sys@id@count=\count267

(C:\MiKTeX\tex/generic/pgf/systemlayer\pgf.cfg
File: pgf.cfg 2021/05/15 v3.1.9a (3.1.9a)
)
Driver file for pgf: pgfsys-pdftex.def

(C:\MiKTeX\tex/generic/pgf/systemlayer\pgfsys-pdftex.def
File: pgfsys-pdftex.def 2021/05/15 v3.1.9a (3.1.9a)

(C:\MiKTeX\tex/generic/pgf/systemlayer\pgfsys-common-pdf.def
File: pgfsys-common-pdf.def 2021/05/15 v3.1.9a (3.1.9a)
)))
(C:\MiKTeX\tex/generic/pgf/systemlayer\pgfsyssoftpath.code.tex
File: pgfsyssoftpath.code.tex 2021/05/15 v3.1.9a (3.1.9a)
\pgfsyssoftpath@smallbuffer@items=\count268
\pgfsyssoftpath@bigbuffer@items=\count269
)
(C:\MiKTeX\tex/generic/pgf/systemlayer\pgfsysprotocol.code.tex
File: pgfsysprotocol.code.tex 2021/05/15 v3.1.9a (3.1.9a)
))
(C:\MiKTeX\tex/generic/pgf/basiclayer\pgfcore.code.tex
Package: pgfcore 2021/05/15 v3.1.9a (3.1.9a)

(C:\MiKTeX\tex/generic/pgf/math\pgfmath.code.tex
(C:\MiKTeX\tex/generic/pgf/math\pgfmathcalc.code.tex
(C:\MiKTeX\tex/generic/pgf/math\pgfmathutil.code.tex)
(C:\MiKTeX\tex/generic/pgf/math\pgfmathparser.code.tex
\pgfmath@dimen=\dimen157
\pgfmath@count=\count270
\pgfmath@box=\box55
\pgfmath@toks=\toks27
\pgfmath@stack@operand=\toks28
\pgfmath@stack@operation=\toks29
)
(C:\MiKTeX\tex/generic/pgf/math\pgfmathfunctions.code.tex
(C:\MiKTeX\tex/generic/pgf/math\pgfmathfunctions.basic.code.tex)
(C:\MiKTeX\tex/generic/pgf/math\pgfmathfunctions.trigonometric.code.tex)
(C:\MiKTeX\tex/generic/pgf/math\pgfmathfunctions.random.code.tex)
(C:\MiKTeX\tex/generic/pgf/math\pgfmathfunctions.comparison.code.tex)
(C:\MiKTeX\tex/generic/pgf/math\pgfmathfunctions.base.code.tex)
(C:\MiKTeX\tex/generic/pgf/math\pgfmathfunctions.round.code.tex)
(C:\MiKTeX\tex/generic/pgf/math\pgfmathfunctions.misc.code.tex)
(C:\MiKTeX\tex/generic/pgf/math\pgfmathfunctions.integerarithmetics.code.tex)))
(C:\MiKTeX\tex/generic/pgf/math\pgfmathfloat.code.tex
\c@pgfmathroundto@lastzeros=\count271
))
(C:\MiKTeX\tex/generic/pgf/math\pgfint.code.tex)
(C:\MiKTeX\tex/generic/pgf/basiclayer\pgfcorepoints.code.tex
File: pgfcorepoints.code.tex 2021/05/15 v3.1.9a (3.1.9a)
\pgf@picminx=\dimen158
\pgf@picmaxx=\dimen159
\pgf@picminy=\dimen160
\pgf@picmaxy=\dimen161
\pgf@pathminx=\dimen162
\pgf@pathmaxx=\dimen163
\pgf@pathminy=\dimen164
\pgf@pathmaxy=\dimen165
\pgf@xx=\dimen166
\pgf@xy=\dimen167
\pgf@yx=\dimen168
\pgf@yy=\dimen169
\pgf@zx=\dimen170
\pgf@zy=\dimen171
)
(C:\MiKTeX\tex/generic/pgf/basiclayer\pgfcorepathconstruct.code.tex
File: pgfcorepathconstruct.code.tex 2021/05/15 v3.1.9a (3.1.9a)
\pgf@path@lastx=\dimen172
\pgf@path@lasty=\dimen173
)
(C:\MiKTeX\tex/generic/pgf/basiclayer\pgfcorepathusage.code.tex
File: pgfcorepathusage.code.tex 2021/05/15 v3.1.9a (3.1.9a)
\pgf@shorten@end@additional=\dimen174
\pgf@shorten@start@additional=\dimen175
)
(C:\MiKTeX\tex/generic/pgf/basiclayer\pgfcorescopes.code.tex
File: pgfcorescopes.code.tex 2021/05/15 v3.1.9a (3.1.9a)
\pgfpic=\box56
\pgf@hbox=\box57
\pgf@layerbox@main=\box58
\pgf@picture@serial@count=\count272
)
(C:\MiKTeX\tex/generic/pgf/basiclayer\pgfcoregraphicstate.code.tex
File: pgfcoregraphicstate.code.tex 2021/05/15 v3.1.9a (3.1.9a)
\pgflinewidth=\dimen176
)
(C:\MiKTeX\tex/generic/pgf/basiclayer\pgfcoretransformations.code.tex
File: pgfcoretransformations.code.tex 2021/05/15 v3.1.9a (3.1.9a)
\pgf@pt@x=\dimen177
\pgf@pt@y=\dimen178
\pgf@pt@temp=\dimen179
)
(C:\MiKTeX\tex/generic/pgf/basiclayer\pgfcorequick.code.tex
File: pgfcorequick.code.tex 2021/05/15 v3.1.9a (3.1.9a)
)
(C:\MiKTeX\tex/generic/pgf/basiclayer\pgfcoreobjects.code.tex
File: pgfcoreobjects.code.tex 2021/05/15 v3.1.9a (3.1.9a)
)
(C:\MiKTeX\tex/generic/pgf/basiclayer\pgfcorepathprocessing.code.tex
File: pgfcorepathprocessing.code.tex 2021/05/15 v3.1.9a (3.1.9a)
)
(C:\MiKTeX\tex/generic/pgf/basiclayer\pgfcorearrows.code.tex
File: pgfcorearrows.code.tex 2021/05/15 v3.1.9a (3.1.9a)
\pgfarrowsep=\dimen180
)
(C:\MiKTeX\tex/generic/pgf/basiclayer\pgfcoreshade.code.tex
File: pgfcoreshade.code.tex 2021/05/15 v3.1.9a (3.1.9a)
\pgf@max=\dimen181
\pgf@sys@shading@range@num=\count273
\pgf@shadingcount=\count274
)
(C:\MiKTeX\tex/generic/pgf/basiclayer\pgfcoreimage.code.tex
File: pgfcoreimage.code.tex 2021/05/15 v3.1.9a (3.1.9a)

(C:\MiKTeX\tex/generic/pgf/basiclayer\pgfcoreexternal.code.tex
File: pgfcoreexternal.code.tex 2021/05/15 v3.1.9a (3.1.9a)
\pgfexternal@startupbox=\box59
))
(C:\MiKTeX\tex/generic/pgf/basiclayer\pgfcorelayers.code.tex
File: pgfcorelayers.code.tex 2021/05/15 v3.1.9a (3.1.9a)
)
(C:\MiKTeX\tex/generic/pgf/basiclayer\pgfcoretransparency.code.tex
File: pgfcoretransparency.code.tex 2021/05/15 v3.1.9a (3.1.9a)
)
(C:\MiKTeX\tex/generic/pgf/basiclayer\pgfcorepatterns.code.tex
File: pgfcorepatterns.code.tex 2021/05/15 v3.1.9a (3.1.9a)
)
(C:\MiKTeX\tex/generic/pgf/basiclayer\pgfcorerdf.code.tex
File: pgfcorerdf.code.tex 2021/05/15 v3.1.9a (3.1.9a)
)))
(C:\MiKTeX\tex/generic/pgf/modules\pgfmoduleshapes.code.tex
File: pgfmoduleshapes.code.tex 2021/05/15 v3.1.9a (3.1.9a)
\pgfnodeparttextbox=\box60
)
(C:\MiKTeX\tex/generic/pgf/modules\pgfmoduleplot.code.tex
File: pgfmoduleplot.code.tex 2021/05/15 v3.1.9a (3.1.9a)
)
(C:\MiKTeX\tex/latex/pgf/compatibility\pgfcomp-version-0-65.sty
Package: pgfcomp-version-0-65 2021/05/15 v3.1.9a (3.1.9a)
\pgf@nodesepstart=\dimen182
\pgf@nodesepend=\dimen183
)
(C:\MiKTeX\tex/latex/pgf/compatibility\pgfcomp-version-1-18.sty
Package: pgfcomp-version-1-18 2021/05/15 v3.1.9a (3.1.9a)
))
(C:\MiKTeX\tex/latex/pgf/utilities\pgffor.sty
(C:\MiKTeX\tex/latex/pgf/utilities\pgfkeys.sty
(C:\MiKTeX\tex/generic/pgf/utilities\pgfkeys.code.tex))
(C:\MiKTeX\tex/latex/pgf/math\pgfmath.sty
(C:\MiKTeX\tex/generic/pgf/math\pgfmath.code.tex))
(C:\MiKTeX\tex/generic/pgf/utilities\pgffor.code.tex
Package: pgffor 2021/05/15 v3.1.9a (3.1.9a)

(C:\MiKTeX\tex/generic/pgf/math\pgfmath.code.tex)
\pgffor@iter=\dimen184
\pgffor@skip=\dimen185
\pgffor@stack=\toks30
\pgffor@toks=\toks31
))
(C:\MiKTeX\tex/generic/pgf/frontendlayer/tikz\tikz.code.tex
Package: tikz 2021/05/15 v3.1.9a (3.1.9a)

(C:\MiKTeX\tex/generic/pgf/libraries\pgflibraryplothandlers.code.tex
File: pgflibraryplothandlers.code.tex 2021/05/15 v3.1.9a (3.1.9a)
\pgf@plot@mark@count=\count275
\pgfplotmarksize=\dimen186
)
\tikz@lastx=\dimen187
\tikz@lasty=\dimen188
\tikz@lastxsaved=\dimen189
\tikz@lastysaved=\dimen190
\tikz@lastmovetox=\dimen191
\tikz@lastmovetoy=\dimen192
\tikzleveldistance=\dimen193
\tikzsiblingdistance=\dimen194
\tikz@figbox=\box61
\tikz@figbox@bg=\box62
\tikz@tempbox=\box63
\tikz@tempbox@bg=\box64
\tikztreelevel=\count276
\tikznumberofchildren=\count277
\tikznumberofcurrentchild=\count278
\tikz@fig@count=\count279

(C:\MiKTeX\tex/generic/pgf/modules\pgfmodulematrix.code.tex
File: pgfmodulematrix.code.tex 2021/05/15 v3.1.9a (3.1.9a)
\pgfmatrixcurrentrow=\count280
\pgfmatrixcurrentcolumn=\count281
\pgf@matrix@numberofcolumns=\count282
)
\tikz@expandcount=\count283

(C:\MiKTeX\tex/generic/pgf/frontendlayer/tikz/libraries\tikzlibrarytopaths.code
.tex
File: tikzlibrarytopaths.code.tex 2021/05/15 v3.1.9a (3.1.9a)
))))) (C:\MiKTeX\tex/latex/moderncv\moderncvheadi.sty
Package: moderncvheadi 2021-12-16 v2.3.0 modern curriculum vitae and letter hea
der variant: 1
\quotewidth=\skip68
\makecvheadnamewidth=\skip69
)
(C:\MiKTeX\tex/latex/moderncv\moderncvbodyi.sty
Package: moderncvbodyi 2021-12-16 v2.3.0 modern curriculum vitae and letter bod
y variant: 1

(C:\MiKTeX\tex/latex/moderncv\moderncvskillmatrix.sty
Package: moderncvskillmatrix 2021-12-16 v2.3.0 modern curriculum vitae and lett
er skill matrix

(C:\MiKTeX\tex/latex/multirow\multirow.sty
Package: multirow 2021/03/15 v2.8 Span multiple rows of a table
\multirow@colwidth=\skip70
\multirow@cntb=\count284
\multirow@dima=\skip71
\bigstrutjot=\dimen195
)
(C:\MiKTeX\tex/latex/arydshln\arydshln.sty
Package: arydshln 2019/02/21 v1.76 
\dashlinedash=\dimen196
\dashlinegap=\dimen197
\adl@box=\box65
\adl@height=\dimen198
\adl@heightsave=\dimen199
\adl@depth=\dimen256
\adl@depthsave=\dimen257
\adl@finaldepth=\dimen258
\adl@columns=\count285
\adl@ncol=\count286
\adl@currentcolumn=\count287
\adl@currentcolumnsave=\count288
\adl@totalheight=\count289
\adl@totalheightsave=\count290
\adl@dash=\count291
\adl@gap=\count292
\adl@cla=\count293
\adl@clb=\count294
\adl@everyvbox=\toks32
\adl@LTpagetotal=\dimen259
)
\cvSkill@RectangleSize=\skip72
\my@repeat@count=\count295
\cvskill@width=\skip73
\cvskill@descriptorwidth=\skip74
\cvskill@experiencewidth=\skip75
\skillmatrix@columnwidth=\skip76
\skillmatrix@commentwidth=\skip77
\skillmatrix@padding=\skip78
\skillmatrix@hintscolumnwidth=\skip79
\skillmatrix@bodylength=\skip80
\cvskilllegend@leftdescriptorwidth=\skip81
\cvskilllegend@rightdescriptorwidth=\skip82
\skilllegend@hintscolumnwidth=\skip83
\skilllegend@padding=\skip84
\skilllegend@bodylength=\skip85
\separatorrulewidth=\skip86
)
\hintscolumnwidth=\skip87
\separatorcolumnwidth=\skip88
\maincolumnwidth=\skip89
\doubleitemcolumnwidth=\skip90
\listitemsymbolwidth=\skip91
LaTeX Font Info:    Trying to load font information for U+fontawesomefree0 on i
nput line 48.

(C:\MiKTeX\tex/latex/fontawesome5\ufontawesomefree0.fd)
\listitemcolumnwidth=\skip92
\listdoubleitemcolumnwidth=\skip93
\baseletterheight=\skip94
\cvitemwithcommentbox=\box66
\cvitemwithcommentskilllength=\skip95
\cvitemwithcommentcommentlength=\skip96
))
(C:\MiKTeX\tex/latex/base\inputenc.sty
Package: inputenc 2021/02/14 v1.3d Input encoding file
\inpenc@prehook=\toks33
\inpenc@posthook=\toks34
)
(C:\MiKTeX\tex/latex/geometry\geometry.sty
Package: geometry 2020/01/02 v5.9 Page Geometry

(C:\MiKTeX\tex/generic/iftex\ifvtex.sty
Package: ifvtex 2019/10/25 v1.7 ifvtex legacy package. Use iftex instead.
)
\Gm@cnth=\count296
\Gm@cntv=\count297
\c@Gm@tempcnt=\count298
\Gm@bindingoffset=\dimen260
\Gm@wd@mp=\dimen261
\Gm@odd@mp=\dimen262
\Gm@even@mp=\dimen263
\Gm@layoutwidth=\dimen264
\Gm@layoutheight=\dimen265
\Gm@layouthoffset=\dimen266
\Gm@layoutvoffset=\dimen267
\Gm@dimlist=\toks35

(C:\MiKTeX\tex/latex/geometry\geometry.cfg))
(C:\MiKTeX\tex/latex/hyperref\hyperref.sty
Package: hyperref 2021-06-07 v7.00m Hypertext links for LaTeX

(C:\MiKTeX\tex/generic/ltxcmds\ltxcmds.sty
Package: ltxcmds 2020-05-10 v1.25 LaTeX kernel commands for general use (HO)
)
(C:\MiKTeX\tex/generic/pdftexcmds\pdftexcmds.sty
Package: pdftexcmds 2020-06-27 v0.33 Utility functions of pdfTeX for LuaTeX (HO
)

(C:\MiKTeX\tex/generic/infwarerr\infwarerr.sty
Package: infwarerr 2019/12/03 v1.5 Providing info/warning/error messages (HO)
)
Package pdftexcmds Info: \pdf@primitive is available.
Package pdftexcmds Info: \pdf@ifprimitive is available.
Package pdftexcmds Info: \pdfdraftmode found.
)
(C:\MiKTeX\tex/generic/kvsetkeys\kvsetkeys.sty
Package: kvsetkeys 2019/12/15 v1.18 Key value parser (HO)
)
(C:\MiKTeX\tex/generic/kvdefinekeys\kvdefinekeys.sty
Package: kvdefinekeys 2019-12-19 v1.6 Define keys (HO)
)
(C:\MiKTeX\tex/generic/pdfescape\pdfescape.sty
Package: pdfescape 2019/12/09 v1.15 Implements pdfTeX's escape features (HO)
)
(C:\MiKTeX\tex/latex/hycolor\hycolor.sty
Package: hycolor 2020-01-27 v1.10 Color options for hyperref/bookmark (HO)
)
(C:\MiKTeX\tex/latex/letltxmacro\letltxmacro.sty
Package: letltxmacro 2019/12/03 v1.6 Let assignment for LaTeX macros (HO)
)
(C:\MiKTeX\tex/latex/auxhook\auxhook.sty
Package: auxhook 2019-12-17 v1.6 Hooks for auxiliary files (HO)
)
(C:\MiKTeX\tex/latex/kvoptions\kvoptions.sty
Package: kvoptions 2020-10-07 v3.14 Key value format for package options (HO)
)
\@linkdim=\dimen268
\Hy@linkcounter=\count299
\Hy@pagecounter=\count300

(C:\MiKTeX\tex/latex/hyperref\pd1enc.def
File: pd1enc.def 2021-06-07 v7.00m Hyperref: PDFDocEncoding definition (HO)
Now handling font encoding PD1 ...
... no UTF-8 mapping file for font encoding PD1
)
(C:\MiKTeX\tex/latex/hyperref\hyperref-langpatches.def
File: hyperref-langpatches.def 2021-06-07 v7.00m Hyperref: patches for babel la
nguages
)
(C:\MiKTeX\tex/generic/intcalc\intcalc.sty
Package: intcalc 2019/12/15 v1.3 Expandable calculations with integers (HO)
)
(C:\MiKTeX\tex/generic/etexcmds\etexcmds.sty
Package: etexcmds 2019/12/15 v1.7 Avoid name clashes with e-TeX commands (HO)
)
\Hy@SavedSpaceFactor=\count301

(C:\MiKTeX\tex/latex/hyperref\puenc.def
File: puenc.def 2021-06-07 v7.00m Hyperref: PDF Unicode definition (HO)
Now handling font encoding PU ...
... no UTF-8 mapping file for font encoding PU
)
Package hyperref Info: Option `unicode' set `true' on input line 4073.
Package hyperref Info: Hyper figures OFF on input line 4192.
Package hyperref Info: Link nesting OFF on input line 4197.
Package hyperref Info: Hyper index ON on input line 4200.
Package hyperref Info: Plain pages OFF on input line 4207.
Package hyperref Info: Backreferencing OFF on input line 4212.
Package hyperref Info: Implicit mode ON; LaTeX internals redefined.
Package hyperref Info: Bookmarks ON on input line 4445.
\c@Hy@tempcnt=\count302
LaTeX Info: Redefining \url on input line 4804.
\XeTeXLinkMargin=\dimen269

(C:\MiKTeX\tex/generic/bitset\bitset.sty
Package: bitset 2019/12/09 v1.3 Handle bit-vector datatype (HO)

(C:\MiKTeX\tex/generic/bigintcalc\bigintcalc.sty
Package: bigintcalc 2019/12/15 v1.5 Expandable calculations on big integers (HO
)
))
\Fld@menulength=\count303
\Field@Width=\dimen270
\Fld@charsize=\dimen271
Package hyperref Info: Hyper figures OFF on input line 6076.
Package hyperref Info: Link nesting OFF on input line 6081.
Package hyperref Info: Hyper index ON on input line 6084.
Package hyperref Info: backreferencing OFF on input line 6091.
Package hyperref Info: Link coloring OFF on input line 6096.
Package hyperref Info: Link coloring with OCG OFF on input line 6101.
Package hyperref Info: PDF/A mode OFF on input line 6106.
LaTeX Info: Redefining \ref on input line 6146.
LaTeX Info: Redefining \pageref on input line 6150.

(C:\MiKTeX\tex/latex/base\atbegshi-ltx.sty
Package: atbegshi-ltx 2021/01/10 v1.0c Emulation of the original atbegshi
package with kernel methods
)
\Hy@abspage=\count304
\c@Item=\count305
\c@Hfootnote=\count306
)
Package hyperref Info: Driver (autodetected): hpdftex.

(C:\MiKTeX\tex/latex/hyperref\hpdftex.def
File: hpdftex.def 2021-06-07 v7.00m Hyperref driver for pdfTeX

(C:\MiKTeX\tex/latex/base\atveryend-ltx.sty
Package: atveryend-ltx 2020/08/19 v1.0a Emulation of the original atveryend pac
kage
with kernel methods
)
\Fld@listcount=\count307
\c@bookmark@seq@number=\count308

(C:\MiKTeX\tex/latex/rerunfilecheck\rerunfilecheck.sty
Package: rerunfilecheck 2019/12/05 v1.9 Rerun checks for auxiliary files (HO)

(C:\MiKTeX\tex/generic/uniquecounter\uniquecounter.sty
Package: uniquecounter 2019/12/15 v1.4 Provide unlimited unique counter (HO)
)
Package uniquecounter Info: New unique counter `rerunfilecheck' on input line 2
86.
)
\Hy@SectionHShift=\skip97
)
Package hyperref Info: Option `breaklinks' set `true' on input line 20.
Package hyperref Info: Option `bookmarksopen' set `true' on input line 20.

(Arthur_Ramolet_CV.aux)
\openout1 = `Arthur_Ramolet_CV.aux'.

LaTeX Font Info:    Checking defaults for OML/cmm/m/it on input line 20.
LaTeX Font Info:    ... okay on input line 20.
LaTeX Font Info:    Checking defaults for OMS/cmsy/m/n on input line 20.
LaTeX Font Info:    ... okay on input line 20.
LaTeX Font Info:    Checking defaults for OT1/cmr/m/n on input line 20.
LaTeX Font Info:    ... okay on input line 20.
LaTeX Font Info:    Checking defaults for T1/cmr/m/n on input line 20.
LaTeX Font Info:    ... okay on input line 20.
LaTeX Font Info:    Checking defaults for TS1/cmr/m/n on input line 20.
LaTeX Font Info:    ... okay on input line 20.
LaTeX Font Info:    Checking defaults for OMX/cmex/m/n on input line 20.
LaTeX Font Info:    ... okay on input line 20.
LaTeX Font Info:    Checking defaults for U/cmr/m/n on input line 20.
LaTeX Font Info:    ... okay on input line 20.
LaTeX Font Info:    Checking defaults for PD1/pdf/m/n on input line 20.
LaTeX Font Info:    ... okay on input line 20.
LaTeX Font Info:    Checking defaults for PU/pdf/m/n on input line 20.
LaTeX Font Info:    ... okay on input line 20.
 (C:\MiKTeX\tex/context/base/mkii\supp-pdf.mkii
[Loading MPS to PDF converter (version 2006.09.02).]
\scratchcounter=\count309
\scratchdimen=\dimen272
\scratchbox=\box67
\nofMPsegments=\count310
\nofMParguments=\count311
\everyMPshowfont=\toks36
\MPscratchCnt=\count312
\MPscratchDim=\dimen273
\MPnumerator=\count313
\makeMPintoPDFobject=\count314
\everyMPtoPDFconversion=\toks37
) (C:\MiKTeX\tex/latex/epstopdf-pkg\epstopdf-base.sty
Package: epstopdf-base 2020-01-24 v2.11 Base part for package epstopdf
Package epstopdf-base Info: Redefining graphics rule for `.eps' on input line 4
85.

(C:\MiKTeX\tex/latex/00miktex\epstopdf-sys.cfg
File: epstopdf-sys.cfg 2021/03/18 v2.0 Configuration of epstopdf for MiKTeX
))
LaTeX Info: Redefining \microtypecontext on input line 20.
Package microtype Info: Applying patch `item' on input line 20.
Package microtype Info: Applying patch `toc' on input line 20.
Package microtype Info: Applying patch `eqnum' on input line 20.
Package microtype Info: Applying patch `footnote' on input line 20.
Package microtype Info: Generating PDF output.
Package microtype Info: Character protrusion enabled (level 2).
Package microtype Info: Using default protrusion set `alltext'.
Package microtype Info: Automatic font expansion enabled (level 2),
(microtype)             stretch: 20, shrink: 20, step: 1, non-selected.
Package microtype Info: Using default expansion set `alltext-nott'.
LaTeX Info: Redefining \showhyphens on input line 20.
Package microtype Info: No adjustment of tracking.
Package microtype Info: No adjustment of interword spacing.
Package microtype Info: No adjustment of character kerning.

(C:\MiKTeX\tex/latex/microtype\mt-cmr.cfg
File: mt-cmr.cfg 2013/05/19 v2.2 microtype config. file: Computer Modern Roman 
(RS)
)
*geometry* driver: auto-detecting
*geometry* detected driver: pdftex
*geometry* verbose mode - [ preamble ] result:
* driver: pdftex
* paper: a4paper
* layout: <same size as paper>
* layoutoffset:(h,v)=(0.0pt,0.0pt)
* modes: 
* h-part:(L,W,R)=(42.67912pt, 512.14963pt, 42.67912pt)
* v-part:(T,H,B)=(42.67912pt, 759.6886pt, 42.67912pt)
* \paperwidth=597.50787pt
* \paperheight=845.04684pt
* \textwidth=512.14963pt
* \textheight=759.6886pt
* \oddsidemargin=-29.59087pt
* \evensidemargin=-29.59087pt
* \topmargin=-66.59087pt
* \headheight=12.0pt
* \headsep=25.0pt
* \topskip=11.0pt
* \footskip=30.0pt
* \marginparwidth=50.0pt
* \marginparsep=10.0pt
* \columnsep=10.0pt
* \skip\footins=10.0pt plus 4.0pt minus 2.0pt
* \hoffset=0.0pt
* \voffset=0.0pt
* \mag=1000
* \@twocolumnfalse
* \@twosidefalse
* \@mparswitchfalse
* \@reversemarginfalse
* (1in=72.27pt=25.4mm, 1cm=28.453pt)

Package hyperref Info: Link coloring OFF on input line 20.
(C:\MiKTeX\tex/latex/hyperref\nameref.sty
Package: nameref 2021-04-02 v2.47 Cross-referencing by name of section

(C:\MiKTeX\tex/latex/refcount\refcount.sty
Package: refcount 2019/12/15 v3.6 Data extraction from label references (HO)
)
(C:\MiKTeX\tex/generic/gettitlestring\gettitlestring.sty
Package: gettitlestring 2019/12/15 v1.6 Cleanup title references (HO)
)
\c@section@level=\count315
)
LaTeX Info: Redefining \ref on input line 20.
LaTeX Info: Redefining \pageref on input line 20.
LaTeX Info: Redefining \nameref on input line 20.

(Arthur_Ramolet_CV.out) (Arthur_Ramolet_CV.out)
\@outlinefile=\write4
\openout4 = `Arthur_Ramolet_CV.out'.

\makecvheaddetailsbox=\box68
LaTeX Font Info:    External font `cmex10' loaded for size
(Font)              <7> on input line 22.
LaTeX Font Info:    External font `cmex10' loaded for size
(Font)              <5> on input line 22.
LaTeX Font Info:    Trying to load font information for U+fontawesomefree2 on i
nput line 22.

(C:\MiKTeX\tex/latex/fontawesome5\ufontawesomefree2.fd)
LaTeX Font Info:    Trying to load font information for U+fontawesomefree1 on i
nput line 22.

(C:\MiKTeX\tex/latex/fontawesome5\ufontawesomefree1.fd)
\makecvheadpicturebox=\box69
\makecvheaddetailswidth=\skip98
\makecvheadpicturewidth=\skip99
\makecvheadnamebox=\box70


LaTeX Font Warning: Font shape `OT1/cmr/m/n' in size <34> not available
(Font)              size <24.88> substituted on input line 22.


Underfull \hbox (badness 10000) in paragraph at lines 22--22

 []

LaTeX Font Info:    External font `cmex10' loaded for size
(Font)              <10.95> on input line 22.
LaTeX Font Info:    External font `cmex10' loaded for size
(Font)              <8> on input line 22.
LaTeX Font Info:    External font `cmex10' loaded for size
(Font)              <6> on input line 22.
[1

{C:/Users/Arthur/AppData/Local/MiKTeX/fonts/map/pdftex/pdftex.map}]
Underfull \hbox (badness 4242) in paragraph at lines 108--108
[]|\OT1/cmr/bx/n/10.95 (+20) Developpement d'un Se-ri-ous Game pour l'apprenti
sage du fonc-tion-
 []


Underfull \hbox (badness 4492) in paragraph at lines 108--108
\OT1/cmr/bx/n/10.95 (+20) nement des defenses im-mu-ni-taires dans l'organisme
 en Unity C#.\OT1/cmr/m/n/10.95 (+20) ,
 []


Underfull \hbox (badness 2753) in paragraph at lines 115--115
\OT1/cmr/bx/n/10.95 (+20) strategies de co-or-di-na-tion de drones pour la de
fense en Net-L-ogo \OT1/cmr/m/n/10.95 (+20) ,
 []

[2] (Arthur_Ramolet_CV.aux)

LaTeX Font Warning: Size substitutions with differences
(Font)              up to 9.12pt have occurred.


LaTeX Warning: Label(s) may have changed. Rerun to get cross-references right.

Package rerunfilecheck Info: File `Arthur_Ramolet_CV.out' has not changed.
(rerunfilecheck)             Checksum: 97BD7D34B9D63D91214EF4CD3B7C4048;714.
 ) 
Here is how much of TeX's memory you used:
 25678 strings out of 478659
 489279 string characters out of 2862403
 821048 words of memory out of 3000000
 43267 multiletter control sequences out of 15000+600000
 413038 words of font info for 95 fonts, out of 8000000 for 9000
 1141 hyphenation exceptions out of 8191
 129i,13n,122p,1016b,470s stack positions out of 5000i,500n,10000p,200000b,80000s
{C:/MiKTeX/fonts/enc/dvips/fontawesome5/fa5free0.enc}{C:/MiKTeX/fonts/enc/dvi
ps/fontawesome5/fa5free1.enc}{C:/MiKTeX/fonts/enc/dvips/fontawesome5/fa5free2.e
nc}<C:/MiKTeX/fonts/type1/public/fontawesome5/FontAwesome5Free-Regular.pfb><C:/
MiKTeX/fonts/type1/public/fontawesome5/FontAwesome5Free-Solid.pfb><C:/MiKTeX/fo
nts/type1/public/amsfonts/cm/cmbx10.pfb><C:/MiKTeX/fonts/type1/public/amsfonts/
cm/cmbxti10.pfb><C:/MiKTeX/fonts/type1/public/amsfonts/cm/cmr10.pfb><C:/MiKTeX/
fonts/type1/public/amsfonts/cm/cmr12.pfb><C:/MiKTeX/fonts/type1/public/amsfonts
/cm/cmr17.pfb><C:/MiKTeX/fonts/type1/public/amsfonts/cm/cmsl10.pfb><C:/MiKTeX/f
onts/type1/public/amsfonts/cm/cmsl12.pfb><C:/MiKTeX/fonts/type1/public/amsfonts
/cm/cmti10.pfb>
Output written on Arthur_Ramolet_CV.pdf (2 pages, 181215 bytes).
PDF statistics:
 102 PDF objects out of 1000 (max. 8388607)
 9 named destinations out of 1000 (max. 500000)
 30781 words of extra memory for PDF output out of 35830 (max. 10000000)

